<?xml version="1.0" encoding="UTF-8"?>
<testng-results ignored="0" total="1" passed="1" failed="0" skipped="0">
  <reporter-output>
  </reporter-output>
  <suite started-at="2024-01-05T14:31:31 IST" name="Default suite" finished-at="2024-01-05T14:32:07 IST" duration-ms="35946">
    <groups>
    </groups>
    <test started-at="2024-01-05T14:31:31 IST" name="Default test" finished-at="2024-01-05T14:32:07 IST" duration-ms="35946">
      <class name="sample.FlipkartTest">
        <test-method signature="flipkartTest()[pri:0, instance:sample.FlipkartTest@73e22a3d]" started-at="2024-01-05T14:31:31 IST" name="flipkartTest" finished-at="2024-01-05T14:32:07 IST" duration-ms="35911" status="PASS">
          <reporter-output>
          </reporter-output>
        </test-method> <!-- flipkartTest -->
      </class> <!-- sample.FlipkartTest -->
    </test> <!-- Default test -->
  </suite> <!-- Default suite -->
</testng-results>
